<?xml version="1.0" encoding="UTF-8"?>
<!-- Generated by org.testng.reporters.JUnitReportReporter -->
<testsuite hostname="DESKTOP-8QG8CLM" failures="0" tests="3" name="TestClasses.VerifyUserCanAddFundToAccount" time="59.528" errors="0" timestamp="2022-06-07T22:07:47 IST" skipped="0">
  <testcase classname="TestClasses.VerifyUserCanAddFundToAccount" name="VerifyUserCanOpenFundPage" time="8.304"/>
  <system-out/>
  <testcase classname="TestClasses.VerifyUserCanAddFundToAccount" name="VerifyUserCanLogin" time="42.936"/>
  <system-out/>
  <testcase classname="TestClasses.VerifyUserCanAddFundToAccount" name="verifyUserCanParticularAmount" time="8.288"/>
  <system-out/>
</testsuite> <!-- TestClasses.VerifyUserCanAddFundToAccount -->
